<?xml version="1.0" encoding="UTF-8"?>
<!-- Generated by org.testng.reporters.JUnitXMLReporter -->
<testsuite hostname="LAPTOP-D2FOFQO2" ignored="0" name="LoginTest" tests="3" failures="0" timestamp="2020-05-21T01:09:06 CDT" time="71.342" errors="0">
  <testcase name="validUserShouldBeAbleToLogin" time="9.762" classname="test.LoginTest"/>
  <testcase name="userShouldBeAbleAddContact" time="25.808" classname="test.AddContactTest"/>
  <testcase name="userShouldBeAbleUseSearchBarOfListContact" time="35.723" classname="test.AddContactTest"/>
</testsuite> <!-- LoginTest -->
