<?xml version="1.0" encoding="UTF-8"?>
<testng-results skipped="0" failed="0" ignored="0" total="3" passed="3">
  <reporter-output>
  </reporter-output>
  <suite name="functional_test_data" duration-ms="64855" started-at="2020-05-21T09:53:25 CDT" finished-at="2020-05-21T09:54:30 CDT">
    <groups>
    </groups>
    <test name="LoginTest" duration-ms="64855" started-at="2020-05-21T09:53:25 CDT" finished-at="2020-05-21T09:54:30 CDT">
      <class name="test.LoginTest">
        <test-method status="PASS" signature="validUserShouldBeAbleToLogin(java.lang.String, java.lang.String)[pri:0, instance:test.LoginTest@32709393]" name="validUserShouldBeAbleToLogin" duration-ms="9396" started-at="2020-05-21T09:53:25 CDT" finished-at="2020-05-21T09:53:34 CDT">
          <params>
            <param index="0">
              <value>
                <![CDATA[techfiosdemo@gmail.com]]>
              </value>
            </param>
            <param index="1">
              <value>
                <![CDATA[abc123]]>
              </value>
            </param>
          </params>
          <reporter-output>
          </reporter-output>
        </test-method> <!-- validUserShouldBeAbleToLogin -->
      </class> <!-- test.LoginTest -->
      <class name="test.AddContactTest">
        <test-method status="PASS" signature="userShouldBeAbleAddContact(java.lang.String, java.lang.String, java.lang.String, java.lang.String, java.lang.String, java.lang.String, java.lang.String, java.lang.String, java.lang.String, java.lang.String)[pri:1, instance:test.AddContactTest@3d99d22e]" name="userShouldBeAbleAddContact" duration-ms="26009" started-at="2020-05-21T09:53:34 CDT" finished-at="2020-05-21T09:54:00 CDT">
          <params>
            <param index="0">
              <value>
                <![CDATA[techfiosdemo@gmail.com]]>
              </value>
            </param>
            <param index="1">
              <value>
                <![CDATA[abc123]]>
              </value>
            </param>
            <param index="2">
              <value>
                <![CDATA[COVID_Vaccine]]>
              </value>
            </param>
            <param index="3">
              <value>
                <![CDATA[BEXIMCO]]>
              </value>
            </param>
            <param index="4">
              <value>
                <![CDATA[msexcell@gmail.com]]>
              </value>
            </param>
            <param index="5">
              <value>
                <![CDATA[231546]]>
              </value>
            </param>
            <param index="6">
              <value>
                <![CDATA[Dhaka Building]]>
              </value>
            </param>
            <param index="7">
              <value>
                <![CDATA[Dhaka]]>
              </value>
            </param>
            <param index="8">
              <value>
                <![CDATA[BD]]>
              </value>
            </param>
            <param index="9">
              <value>
                <![CDATA[75009]]>
              </value>
            </param>
          </params>
          <reporter-output>
          </reporter-output>
        </test-method> <!-- userShouldBeAbleAddContact -->
        <test-method status="PASS" signature="userShouldBeAbleUseSearchBarOfListContact(java.lang.String, java.lang.String, java.lang.String, java.lang.String, java.lang.String, java.lang.String, java.lang.String, java.lang.String, java.lang.String, java.lang.String)[pri:2, instance:test.AddContactTest@3d99d22e]" name="userShouldBeAbleUseSearchBarOfListContact" duration-ms="29402" started-at="2020-05-21T09:54:00 CDT" finished-at="2020-05-21T09:54:30 CDT">
          <params>
            <param index="0">
              <value>
                <![CDATA[techfiosdemo@gmail.com]]>
              </value>
            </param>
            <param index="1">
              <value>
                <![CDATA[abc123]]>
              </value>
            </param>
            <param index="2">
              <value>
                <![CDATA[COVID_Vaccine]]>
              </value>
            </param>
            <param index="3">
              <value>
                <![CDATA[BEXIMCO]]>
              </value>
            </param>
            <param index="4">
              <value>
                <![CDATA[msexcell@gmail.com]]>
              </value>
            </param>
            <param index="5">
              <value>
                <![CDATA[231546]]>
              </value>
            </param>
            <param index="6">
              <value>
                <![CDATA[Dhaka Building]]>
              </value>
            </param>
            <param index="7">
              <value>
                <![CDATA[Dhaka]]>
              </value>
            </param>
            <param index="8">
              <value>
                <![CDATA[BD]]>
              </value>
            </param>
            <param index="9">
              <value>
                <![CDATA[75009]]>
              </value>
            </param>
          </params>
          <reporter-output>
          </reporter-output>
        </test-method> <!-- userShouldBeAbleUseSearchBarOfListContact -->
      </class> <!-- test.AddContactTest -->
    </test> <!-- LoginTest -->
  </suite> <!-- functional_test_data -->
</testng-results>
